<?xml version="1.0" encoding="utf-8"?><testsuites name="pytest tests"><testsuite name="pytest" errors="0" failures="0" skipped="0" tests="37" time="0.367" timestamp="2026-07-15T18:50:10.114622+00:00" hostname="enginism-48g93reow9iz-main"><testcase classname="tests.test_e0d47_hybrid_weighted_persistent_certificate" name="test_phase_and_resource_contract_is_frozen" time="0.092" /><testcase classname="tests.test_e0d47_hybrid_weighted_persistent_certificate" name="test_weighted_partition_is_deterministic_contiguous_and_complete[1]" time="0.047" /><testcase classname="tests.test_e0d47_hybrid_weighted_persistent_certificate" name="test_weighted_partition_is_deterministic_contiguous_and_complete[2]" time="0.001" /><testcase classname="tests.test_e0d47_hybrid_weighted_persistent_certificate" name="test_weighted_partition_is_deterministic_contiguous_and_complete[3]" time="0.001" /><testcase classname="tests.test_e0d47_hybrid_weighted_persistent_certificate" name="test_weighted_partition_is_deterministic_contiguous_and_complete[24]" time="0.001" /><testcase classname="tests.test_e0d47_hybrid_weighted_persistent_certificate" name="test_weighted_partition_is_deterministic_contiguous_and_complete[56]" time="0.001" /><testcase classname="tests.test_e0d47_hybrid_weighted_persistent_certificate" name="test_partition_manifest_binds_weight_nonzeros_and_ranges" time="0.003" /><testcase classname="tests.test_e0d47_hybrid_weighted_persistent_certificate" name="test_weighted_partition_rejects_noncanonical_ranges[gap]" time="0.001" /><testcase classname="tests.test_e0d47_hybrid_weighted_persistent_certificate" name="test_weighted_partition_rejects_noncanonical_ranges[id]" time="0.001" /><testcase classname="tests.test_e0d47_hybrid_weighted_persistent_certificate" name="test_weighted_partition_rejects_noncanonical_ranges[empty]" time="0.001" /><testcase classname="tests.test_e0d47_hybrid_weighted_persistent_certificate" name="test_weighted_partition_rejects_noncanonical_ranges[formula]" time="0.001" /><testcase classname="tests.test_e0d47_hybrid_weighted_persistent_certificate" name="test_partition_manifest_rejects_hash_and_statistic_tampering" time="0.002" /><testcase classname="tests.test_e0d47_hybrid_weighted_persistent_certificate" name="test_fraction_reference_is_contained_for_all_gate_a_chunk_counts" time="0.016" /><testcase classname="tests.test_e0d47_hybrid_weighted_persistent_certificate" name="test_d44_and_d47_agree_for_bounded_and_invalid_endpoints" time="0.003" /><testcase classname="tests.test_e0d47_hybrid_weighted_persistent_certificate" name="test_completion_order_cannot_change_certificate" time="0.004" /><testcase classname="tests.test_e0d47_hybrid_weighted_persistent_certificate" name="test_partial_duplicate_and_tampered_raw_chunks_are_rejected[missing]" time="0.002" /><testcase classname="tests.test_e0d47_hybrid_weighted_persistent_certificate" name="test_partial_duplicate_and_tampered_raw_chunks_are_rejected[duplicate]" time="0.002" /><testcase classname="tests.test_e0d47_hybrid_weighted_persistent_certificate" name="test_partial_duplicate_and_tampered_raw_chunks_are_rejected[out_of_range]" time="0.002" /><testcase classname="tests.test_e0d47_hybrid_weighted_persistent_certificate" name="test_partial_duplicate_and_tampered_raw_chunks_are_rejected[range]" time="0.002" /><testcase classname="tests.test_e0d47_hybrid_weighted_persistent_certificate" name="test_partial_duplicate_and_tampered_raw_chunks_are_rejected[hash]" time="0.002" /><testcase classname="tests.test_e0d47_hybrid_weighted_persistent_certificate" name="test_partial_duplicate_and_tampered_raw_chunks_are_rejected[nonzeros]" time="0.002" /><testcase classname="tests.test_e0d47_hybrid_weighted_persistent_certificate" name="test_assembly_rejects_every_chunk_identity_axis[phase]" time="0.002" /><testcase classname="tests.test_e0d47_hybrid_weighted_persistent_certificate" name="test_assembly_rejects_every_chunk_identity_axis[lp]" time="0.002" /><testcase classname="tests.test_e0d47_hybrid_weighted_persistent_certificate" name="test_assembly_rejects_every_chunk_identity_axis[solution]" time="0.002" /><testcase classname="tests.test_e0d47_hybrid_weighted_persistent_certificate" name="test_assembly_rejects_every_chunk_identity_axis[partition]" time="0.002" /><testcase classname="tests.test_e0d47_hybrid_weighted_persistent_certificate" name="test_assembly_rejects_every_chunk_identity_axis[work]" time="0.002" /><testcase classname="tests.test_e0d47_hybrid_weighted_persistent_certificate" name="test_assembly_rejects_every_chunk_identity_axis[nonzeros]" time="0.002" /><testcase classname="tests.test_e0d47_hybrid_weighted_persistent_certificate" name="test_assembly_rejects_every_chunk_identity_axis[hash]" time="0.002" /><testcase classname="tests.test_e0d47_hybrid_weighted_persistent_certificate" name="test_certificate_path_never_invokes_highs_solver" time="0.002" /><testcase classname="tests.test_e0d47_hybrid_weighted_persistent_certificate" name="test_d45_input_gate_binds_all_required_files" time="0.004" /><testcase classname="tests.test_e0d47_hybrid_weighted_persistent_certificate" name="test_gate_a_manifest_binds_source_test_commit_and_zero_skips" time="0.002" /><testcase classname="tests.test_e0d47_hybrid_weighted_persistent_certificate" name="test_manifest_stops_at_eligible_ipx" time="0.000" /><testcase classname="tests.test_e0d47_hybrid_weighted_persistent_certificate" name="test_manifest_falls_back_to_simplex_only_after_ipx_failure" time="0.000" /><testcase classname="tests.test_e0d47_hybrid_weighted_persistent_certificate" name="test_manifest_and_readme_reject_partial_chunks_as_a_bound" time="0.000" /><testcase classname="tests.test_e0d47_hybrid_weighted_persistent_certificate" name="test_parser_exposes_only_ipx_and_simplex_one" time="0.001" /><testcase classname="tests.test_e0d47_hybrid_weighted_persistent_certificate" name="test_linux_four_worker_atomic_persistence_smoke" time="0.016" /><testcase classname="tests.test_e0d47_hybrid_weighted_persistent_certificate" name="test_linux_phase_hard_wall_cleans_process_group" time="0.076" /></testsuite></testsuites>