<?xml version="1.0" encoding="utf-8"?><testsuites name="pytest tests"><testsuite name="pytest" errors="0" failures="0" skipped="0" tests="266" time="12.548" timestamp="2026-07-17T10:28:24.471228+00:00" hostname="enginism-48g93reow9iz-main"><testcase classname="tests.test_e0d40_full_year_compute_gate" name="test_d40_service_excludes_representative_period_provenance" time="0.080" /><testcase classname="tests.test_e0d40_full_year_compute_gate" name="test_d40_service_rejects_changed_source_evidence" time="0.002" /><testcase classname="tests.test_e0d40_full_year_compute_gate" name="test_d40_service_specs_use_locked_absolute_annual_values" time="0.000" /><testcase classname="tests.test_e0d40_full_year_compute_gate" name="test_capacity_bound_audit_requires_finite_bounds_and_installation_links" time="0.211" /><testcase classname="tests.test_e0d40_full_year_compute_gate" name="test_capacity_bound_audit_accepts_continuous_zero_capacity_tes_policy" time="0.001" /><testcase classname="tests.test_e0d40_full_year_compute_gate" name="test_linearity_audit_detects_nonlinear_constraint" time="0.001" /><testcase classname="tests.test_e0d40_full_year_compute_gate" name="test_failed_build_audit_is_written_before_raising" time="0.003" /><testcase classname="tests.test_e0d40_full_year_compute_gate" name="test_gate_a_compiler_enforces_resource_thresholds" time="0.006" /><testcase classname="tests.test_e0d40_gate_b_solver" name="test_gate_b_classification_uses_preregistered_thresholds" time="0.001" /><testcase classname="tests.test_e0d40_gate_b_solver" name="test_gate_b_classification_requires_audited_incumbent_or_proof" time="0.000" /><testcase classname="tests.test_e0d40_gate_b_solver" name="test_constraint_and_balance_audits_detect_violations" time="0.001" /><testcase classname="tests.test_e0d40_gate_b_solver" name="test_solution_payload_audits_service_objective_and_bess_capacity" time="0.001" /><testcase classname="tests.test_e0d40_gate_b_solver" name="test_locked_gate_a_rejects_tampering" time="0.002" /><testcase classname="tests.test_e0d40_gate_b_solver" name="test_gate_b_compiler_applies_weakest_case_rule" time="0.002" /><testcase classname="tests.test_e0d40_gate_b_solver" name="test_preflight_is_bess_only" time="0.000" /><testcase classname="tests.test_e0d41_gate_b_bundle" name="test_bundle_records_bess_pass_tes_failure_and_hybrid_stop" time="0.003" /><testcase classname="tests.test_e0d41_gate_b_bundle" name="test_bundle_rejects_architecture_started_after_prior_failure" time="0.002" /><testcase classname="tests.test_e0d41_gate_b_bundle" name="test_bundle_requires_all_three_passes_before_gate_c" time="0.001" /><testcase classname="tests.test_e0d41_gate_b_lower_bound" name="test_locked_gate_a_rejects_tampering" time="0.001" /><testcase classname="tests.test_e0d41_gate_b_lower_bound" name="test_dual_bound_audit_requires_finite_minimization_direction" time="0.000" /><testcase classname="tests.test_e0d41_gate_b_lower_bound" name="test_monitor_stop_reason_enforces_hard_wall_before_memory" time="0.000" /><testcase classname="tests.test_e0d41_gate_b_lower_bound" name="test_service_audit_uses_the_real_timeseries_period_count_property" time="0.001" /><testcase classname="tests.test_e0d41_gate_b_lower_bound" name="test_r0_and_r1_solver_payloads_are_finite_and_r1_writes_guide" time="0.138" /><testcase classname="tests.test_e0d41_gate_b_lower_bound" name="test_candidate_guide_is_deterministic_complete_and_classified" time="0.002" /><testcase classname="tests.test_e0d41_gate_b_lower_bound" name="test_architecture_compiler_selects_stronger_bound_without_ranking" time="0.002" /><testcase classname="tests.test_e0d41_gate_b_lower_bound" name="test_architecture_compiler_rejects_missing_or_unmonitored_stage" time="0.002" /><testcase classname="tests.test_e0d41_gate_b_lower_bound" name="test_architecture_runner_stops_after_invalid_r0" time="0.001" /><testcase classname="tests.test_e0d41_gate_b_lower_bound" name="test_frozen_time_limits_match_contract" time="0.000" /><testcase classname="tests.test_e0d41_strict_full_year_decomposition" name="test_binary_inventory_is_complete_disjoint_and_topology_aware" time="0.002" /><testcase classname="tests.test_e0d41_strict_full_year_decomposition" name="test_r0_relaxes_every_binary_and_restore_is_exact" time="0.002" /><testcase classname="tests.test_e0d41_strict_full_year_decomposition" name="test_r1_keeps_only_time_invariant_topology_binary" time="0.002" /><testcase classname="tests.test_e0d41_strict_full_year_decomposition" name="test_relaxation_rejects_binary_added_after_inventory_lock" time="0.002" /><testcase classname="tests.test_e0d41_strict_full_year_decomposition" name="test_binary_snapshot_rejects_fractional_or_incomplete_candidate" time="0.002" /><testcase classname="tests.test_e0d41_strict_full_year_decomposition" name="test_r0_and_r1_objectives_are_valid_lower_bounds" time="0.014" /><testcase classname="tests.test_e0d41_strict_full_year_decomposition" name="test_complete_fixed_snapshot_produces_a_valid_repair_upper_bound" time="0.010" /><testcase classname="tests.test_e0d41_strict_full_year_decomposition" name="test_gate_a_compiler_enforces_all_three_locked_architectures" time="0.002" /><testcase classname="tests.test_e0d41_strict_full_year_decomposition" name="test_gate_a_compiler_rejects_tampered_relaxation_audit" time="0.001" /><testcase classname="tests.test_e0d42_full_year_structure_gate" name="test_input_hashes_accept_locked_price_basis_directory" time="0.004" /><testcase classname="tests.test_e0d42_full_year_structure_gate" name="test_tes_r0_and_r1_have_identical_native_and_presolved_lp_identity" time="0.009" /><testcase classname="tests.test_e0d42_full_year_structure_gate" name="test_hybrid_r1_exact_branches_are_continuous_and_distinct" time="0.008" /><testcase classname="tests.test_e0d42_full_year_structure_gate" name="test_structure_gate_rejects_unregistered_topology_or_invalid_branch" time="0.002" /><testcase classname="tests.test_e0d42_full_year_structure_gate" name="test_structure_manifest_enforces_tes_identity_and_hybrid_coverage" time="0.015" /><testcase classname="tests.test_e0d42_full_year_structure_gate" name="test_structure_manifest_rejects_changed_tes_fingerprint" time="0.010" /><testcase classname="tests.test_e0d42_gate_b_executor" name="test_formal_phase_plan_exactly_locks_ipx_and_four_simplex_segments" time="0.002" /><testcase classname="tests.test_e0d42_gate_b_executor" name="test_lp_archive_is_deterministic_and_preserves_complete_fingerprint" time="0.003" /><testcase classname="tests.test_e0d42_gate_b_executor" name="test_phase_child_saves_hashed_solution_certificate_and_resumable_basis" time="0.014" /><testcase classname="tests.test_e0d42_gate_b_executor" name="test_later_simplex_requires_immediately_preceding_valid_same_lp_basis" time="0.007" /><testcase classname="tests.test_e0d42_gate_b_executor" name="test_monitor_stop_reason_enforces_total_wall_before_phase_and_memory" time="0.000" /><testcase classname="tests.test_e0d42_gate_b_executor" name="test_lp_manifest_reaudits_parent_hash_chain_and_rejects_tampering" time="0.008" /><testcase classname="tests.test_e0d42_gate_b_formal" name="test_load_locked_structure_case_uses_downloaded_gate_a_hash_chain" time="0.002" /><testcase classname="tests.test_e0d42_gate_b_formal" name="test_locked_hybrid_relaxation_fixes_only_the_complete_topology_branch" time="0.001" /><testcase classname="tests.test_e0d42_gate_b_formal" name="test_bess_and_tes_prerequisites_require_parent_execution_hashes" time="0.002" /><testcase classname="tests.test_e0d42_gate_b_formal" name="test_hybrid_manifest_applies_min_branches_then_max_relaxations" time="0.001" /><testcase classname="tests.test_e0d42_gate_b_formal" name="test_formal_parser_exposes_only_registered_case_keys" time="0.002" /><testcase classname="tests.test_e0d42_native_highs_certificate" name="test_lp_fingerprint_is_deterministic_and_numerically_complete" time="0.002" /><testcase classname="tests.test_e0d42_native_highs_certificate" name="test_lp_audit_rejects_nan_and_reversed_bounds" time="0.002" /><testcase classname="tests.test_e0d42_native_highs_certificate" name="test_lagrangian_certificate_matches_known_optimum_and_offset" time="0.001" /><testcase classname="tests.test_e0d42_native_highs_certificate" name="test_one_sided_row_multiplier_is_projected_without_false_bound" time="0.001" /><testcase classname="tests.test_e0d42_native_highs_certificate" name="test_required_infinite_column_endpoint_rejects_certificate" time="0.001" /><testcase classname="tests.test_e0d42_native_highs_certificate" name="test_certificate_rejects_hash_mismatch_and_low_precision" time="0.001" /><testcase classname="tests.test_e0d42_native_highs_certificate" name="test_dual_simplex_interrupt_yields_audited_bound_below_optimum" time="0.008" /><testcase classname="tests.test_e0d42_native_highs_certificate" name="test_simplex_basis_checkpoint_resumes_same_lp_and_improves_bound" time="0.007" /><testcase classname="tests.test_e0d42_native_highs_certificate" name="test_simplex_checkpoint_is_rejected_before_loading_into_another_lp" time="0.008" /><testcase classname="tests.test_e0d42_native_highs_certificate" name="test_ipx_interrupt_is_certified_independently_of_primal_status" time="0.006" /><testcase classname="tests.test_e0d42_native_highs_certificate" name="test_pyomo_translation_and_explicit_presolve_preserve_optimum" time="0.004" /><testcase classname="tests.test_e0d43_offline_dual_certificate" name="test_snapshot_child_recovers_finite_bound_without_optimizer" time="0.004" /><testcase classname="tests.test_e0d43_offline_dual_certificate" name="test_snapshot_gate_rejects_invalid_archives[fixture_kwargs0-dual_valid=true]" time="0.002" /><testcase classname="tests.test_e0d43_offline_dual_certificate" name="test_snapshot_gate_rejects_invalid_archives[fixture_kwargs1-non-finite]" time="0.002" /><testcase classname="tests.test_e0d43_offline_dual_certificate" name="test_snapshot_gate_rejects_invalid_archives[fixture_kwargs2-array length mismatch]" time="0.002" /><testcase classname="tests.test_e0d43_offline_dual_certificate" name="test_snapshot_gate_rejects_hash_and_execution_seam_tampering" time="0.002" /><testcase classname="tests.test_e0d43_offline_dual_certificate" name="test_d42_metadata_chain_binds_bess_lp_and_both_snapshots" time="0.000" /><testcase classname="tests.test_e0d43_offline_dual_certificate" name="test_manifest_uses_strongest_decimal_bound_and_tie_order" time="0.000" /><testcase classname="tests.test_e0d43_offline_dual_certificate" name="test_manifest_accepts_one_snapshot_and_stops_when_both_fail" time="0.000" /><testcase classname="tests.test_e0d43_offline_dual_certificate" name="test_readme_preserves_claim_boundary" time="0.000" /><testcase classname="tests.test_e0d43_offline_dual_certificate" name="test_manifest_rejects_bad_decimal_width_and_phase_order" time="0.000" /><testcase classname="tests.test_e0d43_offline_dual_certificate" name="test_monitor_stop_priority[overrides0-total_parent_hard_wall_reached]" time="0.001" /><testcase classname="tests.test_e0d43_offline_dual_certificate" name="test_monitor_stop_priority[overrides1-child_hard_wall_reached:ipx]" time="0.001" /><testcase classname="tests.test_e0d43_offline_dual_certificate" name="test_monitor_stop_priority[overrides2-child_rss_limit_reached:simplex_1]" time="0.001" /><testcase classname="tests.test_e0d43_offline_dual_certificate" name="test_monitor_stop_priority[overrides3-aggregate_rss_limit_reached]" time="0.001" /><testcase classname="tests.test_e0d43_offline_dual_certificate" name="test_monitor_stop_priority[overrides4-host_memory_reserve_breached]" time="0.000" /><testcase classname="tests.test_e0d44_fork_parallel_certificate" name="test_fixed_partition_exactly_covers_formal_columns" time="0.001" /><testcase classname="tests.test_e0d44_fork_parallel_certificate" name="test_partition_validator_rejects_noncanonical_ranges[chunks0-gap or overlap]" time="0.001" /><testcase classname="tests.test_e0d44_fork_parallel_certificate" name="test_partition_validator_rejects_noncanonical_ranges[chunks1-ids are not canonical]" time="0.001" /><testcase classname="tests.test_e0d44_fork_parallel_certificate" name="test_partition_validator_rejects_noncanonical_ranges[chunks2-empty chunk]" time="0.001" /><testcase classname="tests.test_e0d44_fork_parallel_certificate" name="test_fraction_reference_is_contained_for_all_gate_a_chunk_counts" time="0.006" /><testcase classname="tests.test_e0d44_fork_parallel_certificate" name="test_d42_and_d44_classification_agree_for_bounded_and_invalid_lp" time="0.003" /><testcase classname="tests.test_e0d44_fork_parallel_certificate" name="test_row_projection_matches_frozen_free_and_one_sided_rules" time="0.001" /><testcase classname="tests.test_e0d44_fork_parallel_certificate" name="test_completion_order_cannot_change_canonical_certificate" time="0.004" /><testcase classname="tests.test_e0d44_fork_parallel_certificate" name="test_partial_duplicate_and_tampered_chunk_sets_are_rejected[missing]" time="0.002" /><testcase classname="tests.test_e0d44_fork_parallel_certificate" name="test_partial_duplicate_and_tampered_chunk_sets_are_rejected[duplicate]" time="0.003" /><testcase classname="tests.test_e0d44_fork_parallel_certificate" name="test_partial_duplicate_and_tampered_chunk_sets_are_rejected[range]" time="0.002" /><testcase classname="tests.test_e0d44_fork_parallel_certificate" name="test_partial_duplicate_and_tampered_chunk_sets_are_rejected[hash]" time="0.002" /><testcase classname="tests.test_e0d44_fork_parallel_certificate" name="test_partial_duplicate_and_tampered_chunk_sets_are_rejected[nnz]" time="0.002" /><testcase classname="tests.test_e0d44_fork_parallel_certificate" name="test_worker_exception_and_nonfinite_dual_are_rejected" time="0.001" /><testcase classname="tests.test_e0d44_fork_parallel_certificate" name="test_snapshot_child_writes_bound_hash_chain_without_solver" time="0.004" /><testcase classname="tests.test_e0d44_fork_parallel_certificate" name="test_manifest_selects_max_decimal_and_ipx_on_tie" time="0.000" /><testcase classname="tests.test_e0d44_fork_parallel_certificate" name="test_gate_a_manifest_binds_linux_fork_source_test_and_commit" time="0.002" /><testcase classname="tests.test_e0d44_fork_parallel_certificate" name="test_resource_stops_are_deterministic[overrides0-total_parent_hard_wall_reached]" time="0.001" /><testcase classname="tests.test_e0d44_fork_parallel_certificate" name="test_resource_stops_are_deterministic[overrides1-phase_hard_wall_reached:ipx]" time="0.001" /><testcase classname="tests.test_e0d44_fork_parallel_certificate" name="test_resource_stops_are_deterministic[overrides2-phase_rss_limit_reached:ipx]" time="0.001" /><testcase classname="tests.test_e0d44_fork_parallel_certificate" name="test_resource_stops_are_deterministic[overrides3-aggregate_rss_limit_reached]" time="0.001" /><testcase classname="tests.test_e0d44_fork_parallel_certificate" name="test_resource_stops_are_deterministic[overrides4-host_memory_reserve_breached]" time="0.001" /><testcase classname="tests.test_e0d44_fork_parallel_certificate" name="test_structure_identity_and_claim_boundary" time="0.000" /><testcase classname="tests.test_e0d44_fork_parallel_certificate" name="test_linux_four_worker_fork_smoke_and_progress" time="0.016" /><testcase classname="tests.test_e0d45_hybrid_r0_strict_lower_bound" name="test_phase_plan_locks_only_hybrid_r0_ipx_and_simplex_one" time="0.002" /><testcase classname="tests.test_e0d45_hybrid_r0_strict_lower_bound" name="test_locked_dependency_hashes_match_frozen_contract" time="0.001" /><testcase classname="tests.test_e0d45_hybrid_r0_strict_lower_bound" name="test_prepare_identity_accepts_exact_hybrid_r0" time="0.000" /><testcase classname="tests.test_e0d45_hybrid_r0_strict_lower_bound" name="test_prepare_identity_rejects_every_frozen_axis[mutation0-tes]" time="0.001" /><testcase classname="tests.test_e0d45_hybrid_r0_strict_lower_bound" name="test_prepare_identity_rejects_every_frozen_axis[mutation1-r1_topology_only]" time="0.001" /><testcase classname="tests.test_e0d45_hybrid_r0_strict_lower_bound" name="test_prepare_identity_rejects_every_frozen_axis[mutation2-True]" time="0.001" /><testcase classname="tests.test_e0d45_hybrid_r0_strict_lower_bound" name="test_prepare_identity_rejects_every_frozen_axis[mutation3-1]" time="0.001" /><testcase classname="tests.test_e0d45_hybrid_r0_strict_lower_bound" name="test_prepare_identity_rejects_every_frozen_axis[mutation4-1]" time="0.001" /><testcase classname="tests.test_e0d45_hybrid_r0_strict_lower_bound" name="test_prepare_identity_rejects_every_frozen_axis[mutation5-0000000000000000000000000000000000000000000000000000000000000000]" time="0.001" /><testcase classname="tests.test_e0d45_hybrid_r0_strict_lower_bound" name="test_solver_child_writes_snapshot_without_decimal_certificate[ipx]" time="0.005" /><testcase classname="tests.test_e0d45_hybrid_r0_strict_lower_bound" name="test_solver_child_writes_snapshot_without_decimal_certificate[simplex_1]" time="0.005" /><testcase classname="tests.test_e0d45_hybrid_r0_strict_lower_bound" name="test_snapshot_validator_accepts_complete_hash_chain" time="0.005" /><testcase classname="tests.test_e0d45_hybrid_r0_strict_lower_bound" name="test_snapshot_validator_rejects_execution_tampering" time="0.005" /><testcase classname="tests.test_e0d45_hybrid_r0_strict_lower_bound" name="test_execution_artifact_map_rejects_any_changed_file" time="0.001" /><testcase classname="tests.test_e0d45_hybrid_r0_strict_lower_bound" name="test_certificate_child_reuses_d44_kernel_without_native_solver" time="0.007" /><testcase classname="tests.test_e0d45_hybrid_r0_strict_lower_bound" name="test_manifest_selects_greater_decimal_bound" time="0.000" /><testcase classname="tests.test_e0d45_hybrid_r0_strict_lower_bound" name="test_manifest_prefers_ipx_on_exact_decimal_tie" time="0.000" /><testcase classname="tests.test_e0d45_hybrid_r0_strict_lower_bound" name="test_manifest_accepts_one_snapshot_and_rejects_partial_dual_as_bound" time="0.000" /><testcase classname="tests.test_e0d45_hybrid_r0_strict_lower_bound" name="test_stage_stop_rules_are_frozen[override0-stage_hard_wall_reached]" time="0.001" /><testcase classname="tests.test_e0d45_hybrid_r0_strict_lower_bound" name="test_stage_stop_rules_are_frozen[override1-phase_hard_wall_reached:ipx]" time="0.001" /><testcase classname="tests.test_e0d45_hybrid_r0_strict_lower_bound" name="test_stage_stop_rules_are_frozen[override2-phase_rss_limit_reached:ipx]" time="0.001" /><testcase classname="tests.test_e0d45_hybrid_r0_strict_lower_bound" name="test_stage_stop_rules_are_frozen[override3-aggregate_rss_limit_reached]" time="0.001" /><testcase classname="tests.test_e0d45_hybrid_r0_strict_lower_bound" name="test_stage_stop_rules_are_frozen[override4-host_memory_reserve_breached]" time="0.001" /><testcase classname="tests.test_e0d45_hybrid_r0_strict_lower_bound" name="test_gate_a_manifest_binds_source_test_commit_and_zero_skips" time="0.002" /><testcase classname="tests.test_e0d45_hybrid_r0_strict_lower_bound" name="test_parser_exposes_only_frozen_snapshot_phases" time="0.002" /><testcase classname="tests.test_e0d45_hybrid_r0_strict_lower_bound" name="test_linux_parent_hard_wall_terminates_process_group" time="1.014" /><testcase classname="tests.test_e0d45_hybrid_r0_strict_lower_bound" name="test_linux_four_worker_d44_fork_smoke" time="0.013" /><testcase classname="tests.test_e0d46_full_year_feasible_upper_bound_repair" name="test_capacity_anchor_fixes_only_external_design_variables" time="0.004" /><testcase classname="tests.test_e0d46_full_year_feasible_upper_bound_repair" name="test_repair_b_releases_only_continuous_capacity_variables" time="0.002" /><testcase classname="tests.test_e0d46_full_year_feasible_upper_bound_repair" name="test_deterministic_seed_uses_legal_code_and_frozen_tie_breaks" time="0.003" /><testcase classname="tests.test_e0d46_full_year_feasible_upper_bound_repair" name="test_deterministic_seed_rejects_unregistered_binary_family" time="0.003" /><testcase classname="tests.test_e0d46_full_year_feasible_upper_bound_repair" name="test_seed_artifact_is_deterministic_and_identity_locked" time="0.005" /><testcase classname="tests.test_e0d46_full_year_feasible_upper_bound_repair" name="test_locked_d41_bess_guide_is_reencoded_by_d46_rules" time="0.006" /><testcase classname="tests.test_e0d46_full_year_feasible_upper_bound_repair" name="test_apply_complete_seed_rejects_missing_and_fractional_binary" time="0.006" /><testcase classname="tests.test_e0d46_full_year_feasible_upper_bound_repair" name="test_r0_guide_and_first_incumbent_pipeline_is_reproducible" time="0.015" /><testcase classname="tests.test_e0d46_full_year_feasible_upper_bound_repair" name="test_gate_a_24h_original_model_rebuild_recovers_toy_upper_bound[bess]" time="0.445" /><testcase classname="tests.test_e0d46_full_year_feasible_upper_bound_repair" name="test_gate_a_24h_original_model_rebuild_recovers_toy_upper_bound[tes]" time="0.553" /><testcase classname="tests.test_e0d46_full_year_feasible_upper_bound_repair" name="test_gate_a_24h_original_model_rebuild_recovers_toy_upper_bound[hybrid]" time="0.625" /><testcase classname="tests.test_e0d46_full_year_feasible_upper_bound_repair" name="test_first_incumbent_callback_captures_complete_solution" time="0.004" /><testcase classname="tests.test_e0d46_full_year_feasible_upper_bound_repair" name="test_fixed_binary_repair_grants_upward_rounded_upper_bound" time="0.004" /><testcase classname="tests.test_e0d46_full_year_feasible_upper_bound_repair" name="test_repair_rejects_service_residual_even_when_solver_is_feasible" time="0.005" /><testcase classname="tests.test_e0d46_full_year_feasible_upper_bound_repair" name="test_repair_b_failure_never_revokes_repair_a_and_cheaper_b_can_win" time="0.000" /><testcase classname="tests.test_e0d46_monitored_executor" name="test_d46_resource_stop_priority_and_strict_thresholds" time="0.001" /><testcase classname="tests.test_e0d46_monitored_executor" name="test_stage_commands_are_highs_only_and_preregistered[guide]" time="0.001" /><testcase classname="tests.test_e0d46_monitored_executor" name="test_stage_commands_are_highs_only_and_preregistered[candidate]" time="0.001" /><testcase classname="tests.test_e0d46_monitored_executor" name="test_stage_commands_are_highs_only_and_preregistered[repair_a]" time="0.001" /><testcase classname="tests.test_e0d46_monitored_executor" name="test_stage_commands_are_highs_only_and_preregistered[repair_b]" time="0.001" /><testcase classname="tests.test_e0d46_monitored_executor" name="test_d47_permission_requires_hashes_and_explicit_boolean" time="0.002" /><testcase classname="tests.test_e0d46_monitored_executor" name="test_formal_batch_refuses_existing_output_before_any_run" time="0.001" /><testcase classname="tests.test_e0d47_hybrid_weighted_persistent_certificate" name="test_phase_and_resource_contract_is_frozen" time="0.002" /><testcase classname="tests.test_e0d47_hybrid_weighted_persistent_certificate" name="test_weighted_partition_is_deterministic_contiguous_and_complete[1]" time="0.001" /><testcase classname="tests.test_e0d47_hybrid_weighted_persistent_certificate" name="test_weighted_partition_is_deterministic_contiguous_and_complete[2]" time="0.001" /><testcase classname="tests.test_e0d47_hybrid_weighted_persistent_certificate" name="test_weighted_partition_is_deterministic_contiguous_and_complete[3]" time="0.001" /><testcase classname="tests.test_e0d47_hybrid_weighted_persistent_certificate" name="test_weighted_partition_is_deterministic_contiguous_and_complete[24]" time="0.001" /><testcase classname="tests.test_e0d47_hybrid_weighted_persistent_certificate" name="test_weighted_partition_is_deterministic_contiguous_and_complete[56]" time="0.001" /><testcase classname="tests.test_e0d47_hybrid_weighted_persistent_certificate" name="test_partition_manifest_binds_weight_nonzeros_and_ranges" time="0.003" /><testcase classname="tests.test_e0d47_hybrid_weighted_persistent_certificate" name="test_weighted_partition_rejects_noncanonical_ranges[gap]" time="0.001" /><testcase classname="tests.test_e0d47_hybrid_weighted_persistent_certificate" name="test_weighted_partition_rejects_noncanonical_ranges[id]" time="0.001" /><testcase classname="tests.test_e0d47_hybrid_weighted_persistent_certificate" name="test_weighted_partition_rejects_noncanonical_ranges[empty]" time="0.001" /><testcase classname="tests.test_e0d47_hybrid_weighted_persistent_certificate" name="test_weighted_partition_rejects_noncanonical_ranges[formula]" time="0.001" /><testcase classname="tests.test_e0d47_hybrid_weighted_persistent_certificate" name="test_partition_manifest_rejects_hash_and_statistic_tampering" time="0.002" /><testcase classname="tests.test_e0d47_hybrid_weighted_persistent_certificate" name="test_fraction_reference_is_contained_for_all_gate_a_chunk_counts" time="0.015" /><testcase classname="tests.test_e0d47_hybrid_weighted_persistent_certificate" name="test_d44_and_d47_agree_for_bounded_and_invalid_endpoints" time="0.003" /><testcase classname="tests.test_e0d47_hybrid_weighted_persistent_certificate" name="test_completion_order_cannot_change_certificate" time="0.004" /><testcase classname="tests.test_e0d47_hybrid_weighted_persistent_certificate" name="test_partial_duplicate_and_tampered_raw_chunks_are_rejected[missing]" time="0.002" /><testcase classname="tests.test_e0d47_hybrid_weighted_persistent_certificate" name="test_partial_duplicate_and_tampered_raw_chunks_are_rejected[duplicate]" time="0.002" /><testcase classname="tests.test_e0d47_hybrid_weighted_persistent_certificate" name="test_partial_duplicate_and_tampered_raw_chunks_are_rejected[out_of_range]" time="0.002" /><testcase classname="tests.test_e0d47_hybrid_weighted_persistent_certificate" name="test_partial_duplicate_and_tampered_raw_chunks_are_rejected[range]" time="0.002" /><testcase classname="tests.test_e0d47_hybrid_weighted_persistent_certificate" name="test_partial_duplicate_and_tampered_raw_chunks_are_rejected[hash]" time="0.002" /><testcase classname="tests.test_e0d47_hybrid_weighted_persistent_certificate" name="test_partial_duplicate_and_tampered_raw_chunks_are_rejected[nonzeros]" time="0.002" /><testcase classname="tests.test_e0d47_hybrid_weighted_persistent_certificate" name="test_assembly_rejects_every_chunk_identity_axis[phase]" time="0.002" /><testcase classname="tests.test_e0d47_hybrid_weighted_persistent_certificate" name="test_assembly_rejects_every_chunk_identity_axis[lp]" time="0.002" /><testcase classname="tests.test_e0d47_hybrid_weighted_persistent_certificate" name="test_assembly_rejects_every_chunk_identity_axis[solution]" time="0.002" /><testcase classname="tests.test_e0d47_hybrid_weighted_persistent_certificate" name="test_assembly_rejects_every_chunk_identity_axis[partition]" time="0.002" /><testcase classname="tests.test_e0d47_hybrid_weighted_persistent_certificate" name="test_assembly_rejects_every_chunk_identity_axis[work]" time="0.002" /><testcase classname="tests.test_e0d47_hybrid_weighted_persistent_certificate" name="test_assembly_rejects_every_chunk_identity_axis[nonzeros]" time="0.002" /><testcase classname="tests.test_e0d47_hybrid_weighted_persistent_certificate" name="test_assembly_rejects_every_chunk_identity_axis[hash]" time="0.002" /><testcase classname="tests.test_e0d47_hybrid_weighted_persistent_certificate" name="test_certificate_path_never_invokes_highs_solver" time="0.002" /><testcase classname="tests.test_e0d47_hybrid_weighted_persistent_certificate" name="test_d45_input_gate_binds_all_required_files" time="0.002" /><testcase classname="tests.test_e0d47_hybrid_weighted_persistent_certificate" name="test_gate_a_manifest_binds_source_test_commit_and_zero_skips" time="0.002" /><testcase classname="tests.test_e0d47_hybrid_weighted_persistent_certificate" name="test_manifest_stops_at_eligible_ipx" time="0.000" /><testcase classname="tests.test_e0d47_hybrid_weighted_persistent_certificate" name="test_manifest_falls_back_to_simplex_only_after_ipx_failure" time="0.000" /><testcase classname="tests.test_e0d47_hybrid_weighted_persistent_certificate" name="test_manifest_and_readme_reject_partial_chunks_as_a_bound" time="0.000" /><testcase classname="tests.test_e0d47_hybrid_weighted_persistent_certificate" name="test_parser_exposes_only_ipx_and_simplex_one" time="0.001" /><testcase classname="tests.test_e0d47_hybrid_weighted_persistent_certificate" name="test_linux_four_worker_atomic_persistence_smoke" time="0.016" /><testcase classname="tests.test_e0d47_hybrid_weighted_persistent_certificate" name="test_linux_phase_hard_wall_cleans_process_group" time="0.076" /><testcase classname="tests.test_e0d48_hamming_primal_recovery" name="test_hamming_objective_is_equal_weight_and_constraint_preserving" time="0.003" /><testcase classname="tests.test_e0d48_hamming_primal_recovery" name="test_original_capacity_boundary_rejects_d46_anchor_fixing" time="0.001" /><testcase classname="tests.test_e0d48_hamming_primal_recovery" name="test_prepare_hamming_model_rejects_fractional_or_incomplete_seed" time="0.003" /><testcase classname="tests.test_e0d48_hamming_primal_recovery" name="test_highs_1151_feasibility_options_round_trip" time="0.001" /><testcase classname="tests.test_e0d48_hamming_primal_recovery" name="test_hamming_candidate_and_free_capacity_original_cost_repair" time="0.013" /><testcase classname="tests.test_e0d48_hamming_primal_recovery" name="test_complete_infeasible_status_is_separate_from_timeout" time="0.005" /><testcase classname="tests.test_e0d48_hamming_primal_recovery" name="test_gate_a_24h_hamming_paths_recover_toy_upper_bound[bess]" time="0.470" /><testcase classname="tests.test_e0d48_hamming_primal_recovery" name="test_gate_a_24h_hamming_paths_recover_toy_upper_bound[tes]" time="0.655" /><testcase classname="tests.test_e0d48_hamming_primal_recovery" name="test_gate_a_24h_hamming_paths_recover_toy_upper_bound[hybrid]" time="0.788" /><testcase classname="tests.test_e0d48_monitored_executor" name="test_stage_commands_are_highs_only_and_preregistered[candidate]" time="0.001" /><testcase classname="tests.test_e0d48_monitored_executor" name="test_stage_commands_are_highs_only_and_preregistered[repair]" time="0.001" /><testcase classname="tests.test_e0d48_monitored_executor" name="test_architecture_route_has_no_fallback_or_second_repair[candidate_incumbent_captured-audited_feasible_upper_bound_recovered-expected_stages0]" time="0.002" /><testcase classname="tests.test_e0d48_monitored_executor" name="test_architecture_route_has_no_fallback_or_second_repair[engineering_mip_infeasible_under_original_bounds-engineering_mip_infeasible_under_original_bounds-expected_stages1]" time="0.002" /><testcase classname="tests.test_e0d48_monitored_executor" name="test_architecture_route_has_no_fallback_or_second_repair[no_primal_status_closure-no_primal_status_closure-expected_stages2]" time="0.002" /><testcase classname="tests.test_e0d48_monitored_executor" name="test_formal_batch_refuses_existing_output_before_validation" time="0.001" /><testcase classname="tests.test_e0d49_monitored_executor" name="test_stage_commands_are_bess_only_and_use_d49_module" time="0.003" /><testcase classname="tests.test_e0d49_monitored_executor" name="test_bess_gate_does_not_repair_a_failed_exact_lift" time="0.001" /><testcase classname="tests.test_e0d49_monitored_executor" name="test_bess_gate_repairs_only_an_exactly_lifted_candidate" time="0.001" /><testcase classname="tests.test_e0d49_monitored_executor" name="test_gate_a_validation_requires_bess_only_authorization" time="0.002" /><testcase classname="tests.test_e0d49_monitored_executor" name="test_formal_manifest_contains_only_bess" time="0.002" /><testcase classname="tests.test_e0d49_physics_first_fuel_projection_primal_recovery" name="test_deterministic_fuel_lift_covers_every_segment_and_knot_tie" time="0.000" /><testcase classname="tests.test_e0d49_physics_first_fuel_projection_primal_recovery" name="test_deterministic_fuel_lift_handles_offline_and_rejects_corruption" time="0.001" /><testcase classname="tests.test_e0d49_physics_first_fuel_projection_primal_recovery" name="test_partition_and_dependency_audit_on_actual_chp_model" time="0.026" /><testcase classname="tests.test_e0d49_physics_first_fuel_projection_primal_recovery" name="test_dependency_audit_rejects_a_new_fuel_cap" time="0.019" /><testcase classname="tests.test_e0d49_physics_first_fuel_projection_primal_recovery" name="test_static_lift_audit_covers_registered_chp_segments" time="0.012" /><testcase classname="tests.test_e0d49_physics_first_fuel_projection_primal_recovery" name="test_prepare_projects_only_fuel_codes_and_hamming_uses_physical_bits" time="0.113" /><testcase classname="tests.test_e0d49_physics_first_fuel_projection_primal_recovery" name="test_gate_a_24h_physics_first_paths_recover_toy_upper_bound[bess]" time="0.496" /><testcase classname="tests.test_e0d49_physics_first_fuel_projection_primal_recovery" name="test_gate_a_24h_physics_first_paths_recover_toy_upper_bound[tes]" time="0.693" /><testcase classname="tests.test_e0d49_physics_first_fuel_projection_primal_recovery" name="test_gate_a_24h_physics_first_paths_recover_toy_upper_bound[hybrid]" time="0.830" /><testcase classname="tests.test_e0d50_full_year_coupled_physical_block_relax_and_fix" name="test_formal_commit_blocks_cover_real_year_without_padding_or_wraparound" time="0.003" /><testcase classname="tests.test_e0d50_full_year_coupled_physical_block_relax_and_fix" name="test_actual_bess_model_physical_layout_is_complete_and_time_indexed" time="0.023" /><testcase classname="tests.test_e0d50_full_year_coupled_physical_block_relax_and_fix" name="test_three_block_domain_plans_have_exact_fixed_active_relaxed_counts" time="0.046" /><testcase classname="tests.test_e0d50_full_year_coupled_physical_block_relax_and_fix" name="test_stage_domain_application_rejects_an_incomplete_fixed_prefix" time="0.026" /><testcase classname="tests.test_e0d50_full_year_coupled_physical_block_relax_and_fix" name="test_layout_rejects_an_unregistered_physical_binary" time="0.022" /><testcase classname="tests.test_e0d50_full_year_coupled_physical_block_relax_and_fix" name="test_shortened_three_block_path_lifts_and_repairs_original_cost" time="0.690" /><testcase classname="tests.test_e0d50_monitored_executor" name="test_stage_commands_use_one_d50_candidate_child_and_frozen_options" time="0.001" /><testcase classname="tests.test_e0d50_monitored_executor" name="test_candidate_stage_hard_wall_uses_child_progress_clock" time="0.000" /><testcase classname="tests.test_e0d50_monitored_executor" name="test_resource_gate_warns_at_35_but_stops_at_45_gib" time="0.000" /><testcase classname="tests.test_e0d50_monitored_executor" name="test_bess_gate_repairs_only_a_complete_exactly_lifted_path" time="0.001" /><testcase classname="tests.test_e0d50_monitored_executor" name="test_bess_gate_never_repairs_an_ineligible_candidate[block_path_no_incumbent-block_path_no_incumbent]" time="0.001" /><testcase classname="tests.test_e0d50_monitored_executor" name="test_bess_gate_never_repairs_an_ineligible_candidate[final_exact_lift_failed-final_exact_lift_failed]" time="0.001" /><testcase classname="tests.test_e0d50_monitored_executor" name="test_bess_gate_never_repairs_an_ineligible_candidate[no_primal_status_closure-no_primal_status_closure]" time="0.001" /><testcase classname="tests.test_e0d50_monitored_executor" name="test_gate_a_validation_requires_bess_only_authorization" time="0.002" /><testcase classname="tests.test_e0d50_monitored_executor" name="test_predecessor_manifest_hashes_are_frozen" time="0.001" /><testcase classname="tests.test_e0d51_checkpointed_bounded_backtracking" name="test_state_machine_recovers_one_forced_dead_end" time="0.004" /><testcase classname="tests.test_e0d51_checkpointed_bounded_backtracking" name="test_state_machine_closes_at_frozen_attempt_limit" time="0.000" /><testcase classname="tests.test_e0d51_checkpointed_bounded_backtracking" name="test_state_machine_rejects_stage_zero_and_cascaded_rollback" time="0.000" /><testcase classname="tests.test_e0d51_checkpointed_bounded_backtracking" name="test_state_machine_closes_when_total_rollback_budget_is_exhausted" time="0.000" /><testcase classname="tests.test_e0d51_checkpointed_bounded_backtracking" name="test_no_good_cut_excludes_only_the_registered_pattern" time="0.001" /><testcase classname="tests.test_e0d51_checkpointed_bounded_backtracking" name="test_atomic_checkpoint_round_trip_and_clean_replay" time="0.005" /><testcase classname="tests.test_e0d51_checkpointed_bounded_backtracking" name="test_checkpoint_rejects_hash_tampering_and_overwrite" time="0.004" /><testcase classname="tests.test_e0d51_checkpointed_bounded_backtracking" name="test_checkpoint_rejects_wrong_parent_and_corrupt_cut_hash" time="0.003" /><testcase classname="tests.test_e0d51_checkpointed_bounded_backtracking" name="test_checkpoint_rejects_fractional_snapshot_and_replay_variable_drift" time="0.005" /><testcase classname="tests.test_e0d51_checkpointed_bounded_backtracking" name="test_feasibility_objective_restores_exact_original_identity" time="0.001" /><testcase classname="tests.test_e0d51_checkpointed_bounded_backtracking" name="test_gate0_horizon_guard_forbids_formal_year" time="0.000" /><testcase classname="tests.test_e0d51_checkpointed_bounded_backtracking" name="test_gate0_manifest_compiler_keeps_formal_run_closed" time="0.003" /><testcase classname="tests.test_e0d51_checkpointed_bounded_backtracking" name="test_gate0_manifest_compiler_rejects_linux_skip" time="0.002" /><testcase classname="tests.test_e0d51_checkpointed_bounded_backtracking" name="test_gate0_24h_demonstration_persists_and_replays_every_checkpoint" time="1.144" /><testcase classname="tests.test_e0d51_checkpointed_bounded_backtracking" name="test_24h_checkpointed_path_lifts_and_repairs_original_cost" time="0.879" /><testcase classname="tests.test_e0d52_full_year_checkpointed_bounded_backtracking_primal_recovery" name="test_frozen_annual_budget_and_block_identity" time="0.004" /><testcase classname="tests.test_e0d52_full_year_checkpointed_bounded_backtracking_primal_recovery" name="test_d51_core_hash_remains_frozen" time="0.001" /><testcase classname="tests.test_e0d52_full_year_checkpointed_bounded_backtracking_primal_recovery" name="test_controller_clean_path_with_one_rollback" time="0.001" /><testcase classname="tests.test_e0d52_full_year_checkpointed_bounded_backtracking_primal_recovery" name="test_controller_closes_at_three_patterns" time="0.001" /><testcase classname="tests.test_e0d52_full_year_checkpointed_bounded_backtracking_primal_recovery" name="test_controller_closes_for_stage_zero_alternative_failure_and_total_budget" time="0.001" /><testcase classname="tests.test_e0d52_full_year_checkpointed_bounded_backtracking_primal_recovery" name="test_controller_rejects_result_after_budget_changes" time="0.001" /><testcase classname="tests.test_e0d52_full_year_checkpointed_bounded_backtracking_primal_recovery" name="test_no_good_cut_rejects_capacity_and_global_topology" time="0.001" /><testcase classname="tests.test_e0d52_full_year_checkpointed_bounded_backtracking_primal_recovery" name="test_formal_candidate_requires_bess_and_new_paths" time="0.001" /><testcase classname="tests.test_e0d52_full_year_checkpointed_bounded_backtracking_primal_recovery" name="test_initial_clean_build_is_visible_before_builder_runs" time="0.003" /><testcase classname="tests.test_e0d52_monitored_executor" name="test_candidate_progress_hard_walls_are_event_specific" time="0.001" /><testcase classname="tests.test_e0d52_monitored_executor" name="test_formal_stage_command_has_frozen_parameters" time="0.001" /><testcase classname="tests.test_e0d52_monitored_executor" name="test_candidate_child_reports_no_solver_when_clean_build_fails" time="0.003" /><testcase classname="tests.test_e0d52_monitored_executor" name="test_gate_a_24h_demonstration_forces_clean_recovery" time="1.531" /><testcase classname="tests.test_e0d52_monitored_executor" name="test_gate_a_compiler_closes_formal_optimization_and_binds_commits" time="0.005" /><testcase classname="tests.test_e0d52_monitored_executor" name="test_gate_a_compiler_rejects_skips_and_contract_drift" time="0.005" /><testcase classname="tests.test_e0d52_monitored_executor" name="test_gate_a_validator_rejects_source_drift" time="0.004" /><testcase classname="tests.test_e0d52_monitored_executor" name="test_formal_entry_rejects_existing_output_before_any_run" time="0.001" /></testsuite></testsuites>