<?xml version="1.0" encoding="utf-8"?><testsuites name="pytest tests"><testsuite name="pytest" errors="0" failures="0" skipped="0" tests="17" time="2.041" timestamp="2026-07-17T10:27:24.101070+00:00" hostname="enginism-48g93reow9iz-main"><testcase classname="tests.test_e0d52_full_year_checkpointed_bounded_backtracking_primal_recovery" name="test_frozen_annual_budget_and_block_identity" time="0.090" /><testcase classname="tests.test_e0d52_full_year_checkpointed_bounded_backtracking_primal_recovery" name="test_d51_core_hash_remains_frozen" time="0.000" /><testcase classname="tests.test_e0d52_full_year_checkpointed_bounded_backtracking_primal_recovery" name="test_controller_clean_path_with_one_rollback" time="0.001" /><testcase classname="tests.test_e0d52_full_year_checkpointed_bounded_backtracking_primal_recovery" name="test_controller_closes_at_three_patterns" time="0.001" /><testcase classname="tests.test_e0d52_full_year_checkpointed_bounded_backtracking_primal_recovery" name="test_controller_closes_for_stage_zero_alternative_failure_and_total_budget" time="0.001" /><testcase classname="tests.test_e0d52_full_year_checkpointed_bounded_backtracking_primal_recovery" name="test_controller_rejects_result_after_budget_changes" time="0.000" /><testcase classname="tests.test_e0d52_full_year_checkpointed_bounded_backtracking_primal_recovery" name="test_no_good_cut_rejects_capacity_and_global_topology" time="0.210" /><testcase classname="tests.test_e0d52_full_year_checkpointed_bounded_backtracking_primal_recovery" name="test_formal_candidate_requires_bess_and_new_paths" time="0.001" /><testcase classname="tests.test_e0d52_full_year_checkpointed_bounded_backtracking_primal_recovery" name="test_initial_clean_build_is_visible_before_builder_runs" time="0.002" /><testcase classname="tests.test_e0d52_monitored_executor" name="test_candidate_progress_hard_walls_are_event_specific" time="0.003" /><testcase classname="tests.test_e0d52_monitored_executor" name="test_formal_stage_command_has_frozen_parameters" time="0.001" /><testcase classname="tests.test_e0d52_monitored_executor" name="test_candidate_child_reports_no_solver_when_clean_build_fails" time="0.003" /><testcase classname="tests.test_e0d52_monitored_executor" name="test_gate_a_24h_demonstration_forces_clean_recovery" time="1.651" /><testcase classname="tests.test_e0d52_monitored_executor" name="test_gate_a_compiler_closes_formal_optimization_and_binds_commits" time="0.007" /><testcase classname="tests.test_e0d52_monitored_executor" name="test_gate_a_compiler_rejects_skips_and_contract_drift" time="0.005" /><testcase classname="tests.test_e0d52_monitored_executor" name="test_gate_a_validator_rejects_source_drift" time="0.004" /><testcase classname="tests.test_e0d52_monitored_executor" name="test_formal_entry_rejects_existing_output_before_any_run" time="0.001" /></testsuite></testsuites>