<?xml version="1.0" encoding="utf-8"?><testsuites name="pytest tests"><testsuite name="pytest" errors="0" failures="0" skipped="0" tests="204" time="4.238" timestamp="2026-07-15T20:33:29.630720+00:00" hostname="enginism-48g93reow9iz-main"><testcase classname="tests.test_e0d40_full_year_compute_gate" name="test_d40_service_excludes_representative_period_provenance" time="0.083" /><testcase classname="tests.test_e0d40_full_year_compute_gate" name="test_d40_service_rejects_changed_source_evidence" time="0.002" /><testcase classname="tests.test_e0d40_full_year_compute_gate" name="test_d40_service_specs_use_locked_absolute_annual_values" time="0.000" /><testcase classname="tests.test_e0d40_full_year_compute_gate" name="test_capacity_bound_audit_requires_finite_bounds_and_installation_links" time="0.204" /><testcase classname="tests.test_e0d40_full_year_compute_gate" name="test_capacity_bound_audit_accepts_continuous_zero_capacity_tes_policy" time="0.001" /><testcase classname="tests.test_e0d40_full_year_compute_gate" name="test_linearity_audit_detects_nonlinear_constraint" time="0.001" /><testcase classname="tests.test_e0d40_full_year_compute_gate" name="test_failed_build_audit_is_written_before_raising" time="0.002" /><testcase classname="tests.test_e0d40_full_year_compute_gate" name="test_gate_a_compiler_enforces_resource_thresholds" time="0.007" /><testcase classname="tests.test_e0d40_gate_b_solver" name="test_gate_b_classification_uses_preregistered_thresholds" time="0.001" /><testcase classname="tests.test_e0d40_gate_b_solver" name="test_gate_b_classification_requires_audited_incumbent_or_proof" time="0.000" /><testcase classname="tests.test_e0d40_gate_b_solver" name="test_constraint_and_balance_audits_detect_violations" time="0.001" /><testcase classname="tests.test_e0d40_gate_b_solver" name="test_solution_payload_audits_service_objective_and_bess_capacity" time="0.001" /><testcase classname="tests.test_e0d40_gate_b_solver" name="test_locked_gate_a_rejects_tampering" time="0.001" /><testcase classname="tests.test_e0d40_gate_b_solver" name="test_gate_b_compiler_applies_weakest_case_rule" time="0.002" /><testcase classname="tests.test_e0d40_gate_b_solver" name="test_preflight_is_bess_only" time="0.000" /><testcase classname="tests.test_e0d41_gate_b_bundle" name="test_bundle_records_bess_pass_tes_failure_and_hybrid_stop" time="0.003" /><testcase classname="tests.test_e0d41_gate_b_bundle" name="test_bundle_rejects_architecture_started_after_prior_failure" time="0.001" /><testcase classname="tests.test_e0d41_gate_b_bundle" name="test_bundle_requires_all_three_passes_before_gate_c" time="0.001" /><testcase classname="tests.test_e0d41_gate_b_lower_bound" name="test_locked_gate_a_rejects_tampering" time="0.001" /><testcase classname="tests.test_e0d41_gate_b_lower_bound" name="test_dual_bound_audit_requires_finite_minimization_direction" time="0.000" /><testcase classname="tests.test_e0d41_gate_b_lower_bound" name="test_monitor_stop_reason_enforces_hard_wall_before_memory" time="0.000" /><testcase classname="tests.test_e0d41_gate_b_lower_bound" name="test_service_audit_uses_the_real_timeseries_period_count_property" time="0.001" /><testcase classname="tests.test_e0d41_gate_b_lower_bound" name="test_r0_and_r1_solver_payloads_are_finite_and_r1_writes_guide" time="0.103" /><testcase classname="tests.test_e0d41_gate_b_lower_bound" name="test_candidate_guide_is_deterministic_complete_and_classified" time="0.002" /><testcase classname="tests.test_e0d41_gate_b_lower_bound" name="test_architecture_compiler_selects_stronger_bound_without_ranking" time="0.002" /><testcase classname="tests.test_e0d41_gate_b_lower_bound" name="test_architecture_compiler_rejects_missing_or_unmonitored_stage" time="0.002" /><testcase classname="tests.test_e0d41_gate_b_lower_bound" name="test_architecture_runner_stops_after_invalid_r0" time="0.001" /><testcase classname="tests.test_e0d41_gate_b_lower_bound" name="test_frozen_time_limits_match_contract" time="0.000" /><testcase classname="tests.test_e0d41_strict_full_year_decomposition" name="test_binary_inventory_is_complete_disjoint_and_topology_aware" time="0.002" /><testcase classname="tests.test_e0d41_strict_full_year_decomposition" name="test_r0_relaxes_every_binary_and_restore_is_exact" time="0.002" /><testcase classname="tests.test_e0d41_strict_full_year_decomposition" name="test_r1_keeps_only_time_invariant_topology_binary" time="0.002" /><testcase classname="tests.test_e0d41_strict_full_year_decomposition" name="test_relaxation_rejects_binary_added_after_inventory_lock" time="0.002" /><testcase classname="tests.test_e0d41_strict_full_year_decomposition" name="test_binary_snapshot_rejects_fractional_or_incomplete_candidate" time="0.002" /><testcase classname="tests.test_e0d41_strict_full_year_decomposition" name="test_r0_and_r1_objectives_are_valid_lower_bounds" time="0.024" /><testcase classname="tests.test_e0d41_strict_full_year_decomposition" name="test_complete_fixed_snapshot_produces_a_valid_repair_upper_bound" time="0.010" /><testcase classname="tests.test_e0d41_strict_full_year_decomposition" name="test_gate_a_compiler_enforces_all_three_locked_architectures" time="0.002" /><testcase classname="tests.test_e0d41_strict_full_year_decomposition" name="test_gate_a_compiler_rejects_tampered_relaxation_audit" time="0.001" /><testcase classname="tests.test_e0d42_full_year_structure_gate" name="test_input_hashes_accept_locked_price_basis_directory" time="0.005" /><testcase classname="tests.test_e0d42_full_year_structure_gate" name="test_tes_r0_and_r1_have_identical_native_and_presolved_lp_identity" time="0.006" /><testcase classname="tests.test_e0d42_full_year_structure_gate" name="test_hybrid_r1_exact_branches_are_continuous_and_distinct" time="0.008" /><testcase classname="tests.test_e0d42_full_year_structure_gate" name="test_structure_gate_rejects_unregistered_topology_or_invalid_branch" time="0.002" /><testcase classname="tests.test_e0d42_full_year_structure_gate" name="test_structure_manifest_enforces_tes_identity_and_hybrid_coverage" time="0.015" /><testcase classname="tests.test_e0d42_full_year_structure_gate" name="test_structure_manifest_rejects_changed_tes_fingerprint" time="0.010" /><testcase classname="tests.test_e0d42_gate_b_executor" name="test_formal_phase_plan_exactly_locks_ipx_and_four_simplex_segments" time="0.002" /><testcase classname="tests.test_e0d42_gate_b_executor" name="test_lp_archive_is_deterministic_and_preserves_complete_fingerprint" time="0.003" /><testcase classname="tests.test_e0d42_gate_b_executor" name="test_phase_child_saves_hashed_solution_certificate_and_resumable_basis" time="0.013" /><testcase classname="tests.test_e0d42_gate_b_executor" name="test_later_simplex_requires_immediately_preceding_valid_same_lp_basis" time="0.006" /><testcase classname="tests.test_e0d42_gate_b_executor" name="test_monitor_stop_reason_enforces_total_wall_before_phase_and_memory" time="0.000" /><testcase classname="tests.test_e0d42_gate_b_executor" name="test_lp_manifest_reaudits_parent_hash_chain_and_rejects_tampering" time="0.008" /><testcase classname="tests.test_e0d42_gate_b_formal" name="test_load_locked_structure_case_uses_downloaded_gate_a_hash_chain" time="0.002" /><testcase classname="tests.test_e0d42_gate_b_formal" name="test_locked_hybrid_relaxation_fixes_only_the_complete_topology_branch" time="0.001" /><testcase classname="tests.test_e0d42_gate_b_formal" name="test_bess_and_tes_prerequisites_require_parent_execution_hashes" time="0.002" /><testcase classname="tests.test_e0d42_gate_b_formal" name="test_hybrid_manifest_applies_min_branches_then_max_relaxations" time="0.001" /><testcase classname="tests.test_e0d42_gate_b_formal" name="test_formal_parser_exposes_only_registered_case_keys" time="0.003" /><testcase classname="tests.test_e0d42_native_highs_certificate" name="test_lp_fingerprint_is_deterministic_and_numerically_complete" time="0.002" /><testcase classname="tests.test_e0d42_native_highs_certificate" name="test_lp_audit_rejects_nan_and_reversed_bounds" time="0.002" /><testcase classname="tests.test_e0d42_native_highs_certificate" name="test_lagrangian_certificate_matches_known_optimum_and_offset" time="0.001" /><testcase classname="tests.test_e0d42_native_highs_certificate" name="test_one_sided_row_multiplier_is_projected_without_false_bound" time="0.001" /><testcase classname="tests.test_e0d42_native_highs_certificate" name="test_required_infinite_column_endpoint_rejects_certificate" time="0.001" /><testcase classname="tests.test_e0d42_native_highs_certificate" name="test_certificate_rejects_hash_mismatch_and_low_precision" time="0.001" /><testcase classname="tests.test_e0d42_native_highs_certificate" name="test_dual_simplex_interrupt_yields_audited_bound_below_optimum" time="0.008" /><testcase classname="tests.test_e0d42_native_highs_certificate" name="test_simplex_basis_checkpoint_resumes_same_lp_and_improves_bound" time="0.007" /><testcase classname="tests.test_e0d42_native_highs_certificate" name="test_simplex_checkpoint_is_rejected_before_loading_into_another_lp" time="0.008" /><testcase classname="tests.test_e0d42_native_highs_certificate" name="test_ipx_interrupt_is_certified_independently_of_primal_status" time="0.006" /><testcase classname="tests.test_e0d42_native_highs_certificate" name="test_pyomo_translation_and_explicit_presolve_preserve_optimum" time="0.019" /><testcase classname="tests.test_e0d43_offline_dual_certificate" name="test_snapshot_child_recovers_finite_bound_without_optimizer" time="0.004" /><testcase classname="tests.test_e0d43_offline_dual_certificate" name="test_snapshot_gate_rejects_invalid_archives[fixture_kwargs0-dual_valid=true]" time="0.002" /><testcase classname="tests.test_e0d43_offline_dual_certificate" name="test_snapshot_gate_rejects_invalid_archives[fixture_kwargs1-non-finite]" time="0.002" /><testcase classname="tests.test_e0d43_offline_dual_certificate" name="test_snapshot_gate_rejects_invalid_archives[fixture_kwargs2-array length mismatch]" time="0.002" /><testcase classname="tests.test_e0d43_offline_dual_certificate" name="test_snapshot_gate_rejects_hash_and_execution_seam_tampering" time="0.002" /><testcase classname="tests.test_e0d43_offline_dual_certificate" name="test_d42_metadata_chain_binds_bess_lp_and_both_snapshots" time="0.000" /><testcase classname="tests.test_e0d43_offline_dual_certificate" name="test_manifest_uses_strongest_decimal_bound_and_tie_order" time="0.000" /><testcase classname="tests.test_e0d43_offline_dual_certificate" name="test_manifest_accepts_one_snapshot_and_stops_when_both_fail" time="0.000" /><testcase classname="tests.test_e0d43_offline_dual_certificate" name="test_readme_preserves_claim_boundary" time="0.000" /><testcase classname="tests.test_e0d43_offline_dual_certificate" name="test_manifest_rejects_bad_decimal_width_and_phase_order" time="0.000" /><testcase classname="tests.test_e0d43_offline_dual_certificate" name="test_monitor_stop_priority[overrides0-total_parent_hard_wall_reached]" time="0.001" /><testcase classname="tests.test_e0d43_offline_dual_certificate" name="test_monitor_stop_priority[overrides1-child_hard_wall_reached:ipx]" time="0.000" /><testcase classname="tests.test_e0d43_offline_dual_certificate" name="test_monitor_stop_priority[overrides2-child_rss_limit_reached:simplex_1]" time="0.000" /><testcase classname="tests.test_e0d43_offline_dual_certificate" name="test_monitor_stop_priority[overrides3-aggregate_rss_limit_reached]" time="0.000" /><testcase classname="tests.test_e0d43_offline_dual_certificate" name="test_monitor_stop_priority[overrides4-host_memory_reserve_breached]" time="0.000" /><testcase classname="tests.test_e0d44_fork_parallel_certificate" name="test_fixed_partition_exactly_covers_formal_columns" time="0.002" /><testcase classname="tests.test_e0d44_fork_parallel_certificate" name="test_partition_validator_rejects_noncanonical_ranges[chunks0-gap or overlap]" time="0.001" /><testcase classname="tests.test_e0d44_fork_parallel_certificate" name="test_partition_validator_rejects_noncanonical_ranges[chunks1-ids are not canonical]" time="0.001" /><testcase classname="tests.test_e0d44_fork_parallel_certificate" name="test_partition_validator_rejects_noncanonical_ranges[chunks2-empty chunk]" time="0.001" /><testcase classname="tests.test_e0d44_fork_parallel_certificate" name="test_fraction_reference_is_contained_for_all_gate_a_chunk_counts" time="0.006" /><testcase classname="tests.test_e0d44_fork_parallel_certificate" name="test_d42_and_d44_classification_agree_for_bounded_and_invalid_lp" time="0.003" /><testcase classname="tests.test_e0d44_fork_parallel_certificate" name="test_row_projection_matches_frozen_free_and_one_sided_rules" time="0.001" /><testcase classname="tests.test_e0d44_fork_parallel_certificate" name="test_completion_order_cannot_change_canonical_certificate" time="0.004" /><testcase classname="tests.test_e0d44_fork_parallel_certificate" name="test_partial_duplicate_and_tampered_chunk_sets_are_rejected[missing]" time="0.002" /><testcase classname="tests.test_e0d44_fork_parallel_certificate" name="test_partial_duplicate_and_tampered_chunk_sets_are_rejected[duplicate]" time="0.002" /><testcase classname="tests.test_e0d44_fork_parallel_certificate" name="test_partial_duplicate_and_tampered_chunk_sets_are_rejected[range]" time="0.002" /><testcase classname="tests.test_e0d44_fork_parallel_certificate" name="test_partial_duplicate_and_tampered_chunk_sets_are_rejected[hash]" time="0.002" /><testcase classname="tests.test_e0d44_fork_parallel_certificate" name="test_partial_duplicate_and_tampered_chunk_sets_are_rejected[nnz]" time="0.002" /><testcase classname="tests.test_e0d44_fork_parallel_certificate" name="test_worker_exception_and_nonfinite_dual_are_rejected" time="0.001" /><testcase classname="tests.test_e0d44_fork_parallel_certificate" name="test_snapshot_child_writes_bound_hash_chain_without_solver" time="0.004" /><testcase classname="tests.test_e0d44_fork_parallel_certificate" name="test_manifest_selects_max_decimal_and_ipx_on_tie" time="0.000" /><testcase classname="tests.test_e0d44_fork_parallel_certificate" name="test_gate_a_manifest_binds_linux_fork_source_test_and_commit" time="0.002" /><testcase classname="tests.test_e0d44_fork_parallel_certificate" name="test_resource_stops_are_deterministic[overrides0-total_parent_hard_wall_reached]" time="0.001" /><testcase classname="tests.test_e0d44_fork_parallel_certificate" name="test_resource_stops_are_deterministic[overrides1-phase_hard_wall_reached:ipx]" time="0.000" /><testcase classname="tests.test_e0d44_fork_parallel_certificate" name="test_resource_stops_are_deterministic[overrides2-phase_rss_limit_reached:ipx]" time="0.000" /><testcase classname="tests.test_e0d44_fork_parallel_certificate" name="test_resource_stops_are_deterministic[overrides3-aggregate_rss_limit_reached]" time="0.001" /><testcase classname="tests.test_e0d44_fork_parallel_certificate" name="test_resource_stops_are_deterministic[overrides4-host_memory_reserve_breached]" time="0.000" /><testcase classname="tests.test_e0d44_fork_parallel_certificate" name="test_structure_identity_and_claim_boundary" time="0.000" /><testcase classname="tests.test_e0d44_fork_parallel_certificate" name="test_linux_four_worker_fork_smoke_and_progress" time="0.016" /><testcase classname="tests.test_e0d45_hybrid_r0_strict_lower_bound" name="test_phase_plan_locks_only_hybrid_r0_ipx_and_simplex_one" time="0.002" /><testcase classname="tests.test_e0d45_hybrid_r0_strict_lower_bound" name="test_locked_dependency_hashes_match_frozen_contract" time="0.001" /><testcase classname="tests.test_e0d45_hybrid_r0_strict_lower_bound" name="test_prepare_identity_accepts_exact_hybrid_r0" time="0.000" /><testcase classname="tests.test_e0d45_hybrid_r0_strict_lower_bound" name="test_prepare_identity_rejects_every_frozen_axis[mutation0-tes]" time="0.001" /><testcase classname="tests.test_e0d45_hybrid_r0_strict_lower_bound" name="test_prepare_identity_rejects_every_frozen_axis[mutation1-r1_topology_only]" time="0.001" /><testcase classname="tests.test_e0d45_hybrid_r0_strict_lower_bound" name="test_prepare_identity_rejects_every_frozen_axis[mutation2-True]" time="0.001" /><testcase classname="tests.test_e0d45_hybrid_r0_strict_lower_bound" name="test_prepare_identity_rejects_every_frozen_axis[mutation3-1]" time="0.001" /><testcase classname="tests.test_e0d45_hybrid_r0_strict_lower_bound" name="test_prepare_identity_rejects_every_frozen_axis[mutation4-1]" time="0.001" /><testcase classname="tests.test_e0d45_hybrid_r0_strict_lower_bound" name="test_prepare_identity_rejects_every_frozen_axis[mutation5-0000000000000000000000000000000000000000000000000000000000000000]" time="0.001" /><testcase classname="tests.test_e0d45_hybrid_r0_strict_lower_bound" name="test_solver_child_writes_snapshot_without_decimal_certificate[ipx]" time="0.005" /><testcase classname="tests.test_e0d45_hybrid_r0_strict_lower_bound" name="test_solver_child_writes_snapshot_without_decimal_certificate[simplex_1]" time="0.005" /><testcase classname="tests.test_e0d45_hybrid_r0_strict_lower_bound" name="test_snapshot_validator_accepts_complete_hash_chain" time="0.005" /><testcase classname="tests.test_e0d45_hybrid_r0_strict_lower_bound" name="test_snapshot_validator_rejects_execution_tampering" time="0.005" /><testcase classname="tests.test_e0d45_hybrid_r0_strict_lower_bound" name="test_execution_artifact_map_rejects_any_changed_file" time="0.001" /><testcase classname="tests.test_e0d45_hybrid_r0_strict_lower_bound" name="test_certificate_child_reuses_d44_kernel_without_native_solver" time="0.007" /><testcase classname="tests.test_e0d45_hybrid_r0_strict_lower_bound" name="test_manifest_selects_greater_decimal_bound" time="0.000" /><testcase classname="tests.test_e0d45_hybrid_r0_strict_lower_bound" name="test_manifest_prefers_ipx_on_exact_decimal_tie" time="0.000" /><testcase classname="tests.test_e0d45_hybrid_r0_strict_lower_bound" name="test_manifest_accepts_one_snapshot_and_rejects_partial_dual_as_bound" time="0.000" /><testcase classname="tests.test_e0d45_hybrid_r0_strict_lower_bound" name="test_stage_stop_rules_are_frozen[override0-stage_hard_wall_reached]" time="0.001" /><testcase classname="tests.test_e0d45_hybrid_r0_strict_lower_bound" name="test_stage_stop_rules_are_frozen[override1-phase_hard_wall_reached:ipx]" time="0.001" /><testcase classname="tests.test_e0d45_hybrid_r0_strict_lower_bound" name="test_stage_stop_rules_are_frozen[override2-phase_rss_limit_reached:ipx]" time="0.001" /><testcase classname="tests.test_e0d45_hybrid_r0_strict_lower_bound" name="test_stage_stop_rules_are_frozen[override3-aggregate_rss_limit_reached]" time="0.001" /><testcase classname="tests.test_e0d45_hybrid_r0_strict_lower_bound" name="test_stage_stop_rules_are_frozen[override4-host_memory_reserve_breached]" time="0.001" /><testcase classname="tests.test_e0d45_hybrid_r0_strict_lower_bound" name="test_gate_a_manifest_binds_source_test_commit_and_zero_skips" time="0.002" /><testcase classname="tests.test_e0d45_hybrid_r0_strict_lower_bound" name="test_parser_exposes_only_frozen_snapshot_phases" time="0.002" /><testcase classname="tests.test_e0d45_hybrid_r0_strict_lower_bound" name="test_linux_parent_hard_wall_terminates_process_group" time="1.017" /><testcase classname="tests.test_e0d45_hybrid_r0_strict_lower_bound" name="test_linux_four_worker_d44_fork_smoke" time="0.013" /><testcase classname="tests.test_e0d46_full_year_feasible_upper_bound_repair" name="test_capacity_anchor_fixes_only_external_design_variables" time="0.004" /><testcase classname="tests.test_e0d46_full_year_feasible_upper_bound_repair" name="test_repair_b_releases_only_continuous_capacity_variables" time="0.002" /><testcase classname="tests.test_e0d46_full_year_feasible_upper_bound_repair" name="test_deterministic_seed_uses_legal_code_and_frozen_tie_breaks" time="0.003" /><testcase classname="tests.test_e0d46_full_year_feasible_upper_bound_repair" name="test_deterministic_seed_rejects_unregistered_binary_family" time="0.004" /><testcase classname="tests.test_e0d46_full_year_feasible_upper_bound_repair" name="test_seed_artifact_is_deterministic_and_identity_locked" time="0.005" /><testcase classname="tests.test_e0d46_full_year_feasible_upper_bound_repair" name="test_locked_d41_bess_guide_is_reencoded_by_d46_rules" time="0.006" /><testcase classname="tests.test_e0d46_full_year_feasible_upper_bound_repair" name="test_apply_complete_seed_rejects_missing_and_fractional_binary" time="0.006" /><testcase classname="tests.test_e0d46_full_year_feasible_upper_bound_repair" name="test_r0_guide_and_first_incumbent_pipeline_is_reproducible" time="0.015" /><testcase classname="tests.test_e0d46_full_year_feasible_upper_bound_repair" name="test_gate_a_24h_original_model_rebuild_recovers_toy_upper_bound[bess]" time="0.444" /><testcase classname="tests.test_e0d46_full_year_feasible_upper_bound_repair" name="test_gate_a_24h_original_model_rebuild_recovers_toy_upper_bound[tes]" time="0.555" /><testcase classname="tests.test_e0d46_full_year_feasible_upper_bound_repair" name="test_gate_a_24h_original_model_rebuild_recovers_toy_upper_bound[hybrid]" time="0.621" /><testcase classname="tests.test_e0d46_full_year_feasible_upper_bound_repair" name="test_first_incumbent_callback_captures_complete_solution" time="0.004" /><testcase classname="tests.test_e0d46_full_year_feasible_upper_bound_repair" name="test_fixed_binary_repair_grants_upward_rounded_upper_bound" time="0.004" /><testcase classname="tests.test_e0d46_full_year_feasible_upper_bound_repair" name="test_repair_rejects_service_residual_even_when_solver_is_feasible" time="0.005" /><testcase classname="tests.test_e0d46_full_year_feasible_upper_bound_repair" name="test_repair_b_failure_never_revokes_repair_a_and_cheaper_b_can_win" time="0.000" /><testcase classname="tests.test_e0d46_monitored_executor" name="test_d46_resource_stop_priority_and_strict_thresholds" time="0.001" /><testcase classname="tests.test_e0d46_monitored_executor" name="test_stage_commands_are_highs_only_and_preregistered[guide]" time="0.001" /><testcase classname="tests.test_e0d46_monitored_executor" name="test_stage_commands_are_highs_only_and_preregistered[candidate]" time="0.001" /><testcase classname="tests.test_e0d46_monitored_executor" name="test_stage_commands_are_highs_only_and_preregistered[repair_a]" time="0.001" /><testcase classname="tests.test_e0d46_monitored_executor" name="test_stage_commands_are_highs_only_and_preregistered[repair_b]" time="0.001" /><testcase classname="tests.test_e0d46_monitored_executor" name="test_d47_permission_requires_hashes_and_explicit_boolean" time="0.001" /><testcase classname="tests.test_e0d46_monitored_executor" name="test_formal_batch_refuses_existing_output_before_any_run" time="0.001" /><testcase classname="tests.test_e0d47_hybrid_weighted_persistent_certificate" name="test_phase_and_resource_contract_is_frozen" time="0.002" /><testcase classname="tests.test_e0d47_hybrid_weighted_persistent_certificate" name="test_weighted_partition_is_deterministic_contiguous_and_complete[1]" time="0.001" /><testcase classname="tests.test_e0d47_hybrid_weighted_persistent_certificate" name="test_weighted_partition_is_deterministic_contiguous_and_complete[2]" time="0.001" /><testcase classname="tests.test_e0d47_hybrid_weighted_persistent_certificate" name="test_weighted_partition_is_deterministic_contiguous_and_complete[3]" time="0.001" /><testcase classname="tests.test_e0d47_hybrid_weighted_persistent_certificate" name="test_weighted_partition_is_deterministic_contiguous_and_complete[24]" time="0.001" /><testcase classname="tests.test_e0d47_hybrid_weighted_persistent_certificate" name="test_weighted_partition_is_deterministic_contiguous_and_complete[56]" time="0.001" /><testcase classname="tests.test_e0d47_hybrid_weighted_persistent_certificate" name="test_partition_manifest_binds_weight_nonzeros_and_ranges" time="0.003" /><testcase classname="tests.test_e0d47_hybrid_weighted_persistent_certificate" name="test_weighted_partition_rejects_noncanonical_ranges[gap]" time="0.001" /><testcase classname="tests.test_e0d47_hybrid_weighted_persistent_certificate" name="test_weighted_partition_rejects_noncanonical_ranges[id]" time="0.001" /><testcase classname="tests.test_e0d47_hybrid_weighted_persistent_certificate" name="test_weighted_partition_rejects_noncanonical_ranges[empty]" time="0.001" /><testcase classname="tests.test_e0d47_hybrid_weighted_persistent_certificate" name="test_weighted_partition_rejects_noncanonical_ranges[formula]" time="0.001" /><testcase classname="tests.test_e0d47_hybrid_weighted_persistent_certificate" name="test_partition_manifest_rejects_hash_and_statistic_tampering" time="0.002" /><testcase classname="tests.test_e0d47_hybrid_weighted_persistent_certificate" name="test_fraction_reference_is_contained_for_all_gate_a_chunk_counts" time="0.016" /><testcase classname="tests.test_e0d47_hybrid_weighted_persistent_certificate" name="test_d44_and_d47_agree_for_bounded_and_invalid_endpoints" time="0.003" /><testcase classname="tests.test_e0d47_hybrid_weighted_persistent_certificate" name="test_completion_order_cannot_change_certificate" time="0.004" /><testcase classname="tests.test_e0d47_hybrid_weighted_persistent_certificate" name="test_partial_duplicate_and_tampered_raw_chunks_are_rejected[missing]" time="0.002" /><testcase classname="tests.test_e0d47_hybrid_weighted_persistent_certificate" name="test_partial_duplicate_and_tampered_raw_chunks_are_rejected[duplicate]" time="0.002" /><testcase classname="tests.test_e0d47_hybrid_weighted_persistent_certificate" name="test_partial_duplicate_and_tampered_raw_chunks_are_rejected[out_of_range]" time="0.002" /><testcase classname="tests.test_e0d47_hybrid_weighted_persistent_certificate" name="test_partial_duplicate_and_tampered_raw_chunks_are_rejected[range]" time="0.002" /><testcase classname="tests.test_e0d47_hybrid_weighted_persistent_certificate" name="test_partial_duplicate_and_tampered_raw_chunks_are_rejected[hash]" time="0.002" /><testcase classname="tests.test_e0d47_hybrid_weighted_persistent_certificate" name="test_partial_duplicate_and_tampered_raw_chunks_are_rejected[nonzeros]" time="0.002" /><testcase classname="tests.test_e0d47_hybrid_weighted_persistent_certificate" name="test_assembly_rejects_every_chunk_identity_axis[phase]" time="0.002" /><testcase classname="tests.test_e0d47_hybrid_weighted_persistent_certificate" name="test_assembly_rejects_every_chunk_identity_axis[lp]" time="0.002" /><testcase classname="tests.test_e0d47_hybrid_weighted_persistent_certificate" name="test_assembly_rejects_every_chunk_identity_axis[solution]" time="0.002" /><testcase classname="tests.test_e0d47_hybrid_weighted_persistent_certificate" name="test_assembly_rejects_every_chunk_identity_axis[partition]" time="0.002" /><testcase classname="tests.test_e0d47_hybrid_weighted_persistent_certificate" name="test_assembly_rejects_every_chunk_identity_axis[work]" time="0.002" /><testcase classname="tests.test_e0d47_hybrid_weighted_persistent_certificate" name="test_assembly_rejects_every_chunk_identity_axis[nonzeros]" time="0.002" /><testcase classname="tests.test_e0d47_hybrid_weighted_persistent_certificate" name="test_assembly_rejects_every_chunk_identity_axis[hash]" time="0.002" /><testcase classname="tests.test_e0d47_hybrid_weighted_persistent_certificate" name="test_certificate_path_never_invokes_highs_solver" time="0.002" /><testcase classname="tests.test_e0d47_hybrid_weighted_persistent_certificate" name="test_d45_input_gate_binds_all_required_files" time="0.002" /><testcase classname="tests.test_e0d47_hybrid_weighted_persistent_certificate" name="test_gate_a_manifest_binds_source_test_commit_and_zero_skips" time="0.002" /><testcase classname="tests.test_e0d47_hybrid_weighted_persistent_certificate" name="test_manifest_stops_at_eligible_ipx" time="0.000" /><testcase classname="tests.test_e0d47_hybrid_weighted_persistent_certificate" name="test_manifest_falls_back_to_simplex_only_after_ipx_failure" time="0.000" /><testcase classname="tests.test_e0d47_hybrid_weighted_persistent_certificate" name="test_manifest_and_readme_reject_partial_chunks_as_a_bound" time="0.000" /><testcase classname="tests.test_e0d47_hybrid_weighted_persistent_certificate" name="test_parser_exposes_only_ipx_and_simplex_one" time="0.001" /><testcase classname="tests.test_e0d47_hybrid_weighted_persistent_certificate" name="test_linux_four_worker_atomic_persistence_smoke" time="0.017" /><testcase classname="tests.test_e0d47_hybrid_weighted_persistent_certificate" name="test_linux_phase_hard_wall_cleans_process_group" time="0.075" /><testcase classname="tests.test_planning_model" name="test_full_endogenous_model_solves_each_architecture[no_storage]" time="0.013" /><testcase classname="tests.test_planning_model" name="test_full_endogenous_model_solves_each_architecture[bess]" time="0.025" /><testcase classname="tests.test_planning_model" name="test_full_endogenous_model_solves_each_architecture[tes]" time="0.040" /><testcase classname="tests.test_planning_model" name="test_full_endogenous_model_solves_each_architecture[hybrid]" time="0.094" /><testcase classname="tests.test_planning_model" name="test_hybrid_full_model_is_linear_and_uses_both_certified_capacity_blocks" time="0.046" /><testcase classname="tests.test_planning_model" name="test_d37_hybrid_model_shares_capacity_and_uses_two_cyclic_state_blocks" time="0.021" /><testcase classname="tests.test_planning_model" name="test_full_endogenous_model_preserves_common_curtailment_and_pcc_services" time="0.035" /><testcase classname="tests.test_planning_model" name="test_complete_capacity_snapshot_fixes_every_storage_design_variable" time="0.085" /><testcase classname="tests.test_planning_model" name="test_zero_fuel_objective_relaxation_preserves_minimum_curtailment" time="0.023" /><testcase classname="tests.test_planning_model" name="test_fuel_segment_relaxation_rejects_a_fuel_cost_objective" time="0.004" /><testcase classname="tests.test_solver_highs" name="test_highs_solves_a_binary_milp_and_reports_metadata" time="0.003" /><testcase classname="tests.test_solver_highs" name="test_highs_repeated_solution_is_reproducible" time="0.006" /><testcase classname="tests.test_solver_highs" name="test_highs_solves_a_unique_linear_program" time="0.003" /><testcase classname="tests.test_solver_highs" name="test_highs_reports_infeasible_without_loading_a_solution" time="0.003" /></testsuite></testsuites>