<?xml version="1.0" encoding="utf-8"?><testsuites name="pytest tests"><testsuite name="pytest" errors="0" failures="0" skipped="0" tests="22" time="2.177" timestamp="2026-07-15T20:33:27.213833+00:00" hostname="enginism-48g93reow9iz-main"><testcase classname="tests.test_e0d46_full_year_feasible_upper_bound_repair" name="test_capacity_anchor_fixes_only_external_design_variables" time="0.288" /><testcase classname="tests.test_e0d46_full_year_feasible_upper_bound_repair" name="test_repair_b_releases_only_continuous_capacity_variables" time="0.002" /><testcase classname="tests.test_e0d46_full_year_feasible_upper_bound_repair" name="test_deterministic_seed_uses_legal_code_and_frozen_tie_breaks" time="0.003" /><testcase classname="tests.test_e0d46_full_year_feasible_upper_bound_repair" name="test_deterministic_seed_rejects_unregistered_binary_family" time="0.003" /><testcase classname="tests.test_e0d46_full_year_feasible_upper_bound_repair" name="test_seed_artifact_is_deterministic_and_identity_locked" time="0.006" /><testcase classname="tests.test_e0d46_full_year_feasible_upper_bound_repair" name="test_locked_d41_bess_guide_is_reencoded_by_d46_rules" time="0.007" /><testcase classname="tests.test_e0d46_full_year_feasible_upper_bound_repair" name="test_apply_complete_seed_rejects_missing_and_fractional_binary" time="0.006" /><testcase classname="tests.test_e0d46_full_year_feasible_upper_bound_repair" name="test_r0_guide_and_first_incumbent_pipeline_is_reproducible" time="0.135" /><testcase classname="tests.test_e0d46_full_year_feasible_upper_bound_repair" name="test_gate_a_24h_original_model_rebuild_recovers_toy_upper_bound[bess]" time="0.467" /><testcase classname="tests.test_e0d46_full_year_feasible_upper_bound_repair" name="test_gate_a_24h_original_model_rebuild_recovers_toy_upper_bound[tes]" time="0.547" /><testcase classname="tests.test_e0d46_full_year_feasible_upper_bound_repair" name="test_gate_a_24h_original_model_rebuild_recovers_toy_upper_bound[hybrid]" time="0.651" /><testcase classname="tests.test_e0d46_full_year_feasible_upper_bound_repair" name="test_first_incumbent_callback_captures_complete_solution" time="0.004" /><testcase classname="tests.test_e0d46_full_year_feasible_upper_bound_repair" name="test_fixed_binary_repair_grants_upward_rounded_upper_bound" time="0.005" /><testcase classname="tests.test_e0d46_full_year_feasible_upper_bound_repair" name="test_repair_rejects_service_residual_even_when_solver_is_feasible" time="0.005" /><testcase classname="tests.test_e0d46_full_year_feasible_upper_bound_repair" name="test_repair_b_failure_never_revokes_repair_a_and_cheaper_b_can_win" time="0.000" /><testcase classname="tests.test_e0d46_monitored_executor" name="test_d46_resource_stop_priority_and_strict_thresholds" time="0.001" /><testcase classname="tests.test_e0d46_monitored_executor" name="test_stage_commands_are_highs_only_and_preregistered[guide]" time="0.001" /><testcase classname="tests.test_e0d46_monitored_executor" name="test_stage_commands_are_highs_only_and_preregistered[candidate]" time="0.001" /><testcase classname="tests.test_e0d46_monitored_executor" name="test_stage_commands_are_highs_only_and_preregistered[repair_a]" time="0.001" /><testcase classname="tests.test_e0d46_monitored_executor" name="test_stage_commands_are_highs_only_and_preregistered[repair_b]" time="0.001" /><testcase classname="tests.test_e0d46_monitored_executor" name="test_d47_permission_requires_hashes_and_explicit_boolean" time="0.001" /><testcase classname="tests.test_e0d46_monitored_executor" name="test_formal_batch_refuses_existing_output_before_any_run" time="0.001" /></testsuite></testsuites>